<?xml version="1.0" encoding="UTF-8"?>
<!-- Generated by org.testng.reporters.JUnitXMLReporter -->
<testsuite ignored="0" hostname="DESKTOP-9P8UNRB" failures="1" tests="2" name="linux-chrome" time="40.519" errors="0" timestamp="2024-10-26T12:15:00 IST">
  <testcase classname="TestCases.TC001_LandingPageTest" name="logoTest" time="0.18"/>
  <testcase classname="TestCases.TC002_LoginTest" name="logintest" time="20.571">
    <failure type="java.lang.AssertionError" message="null">
      <![CDATA[java.lang.AssertionError: null
at TestCases.TC002_LoginTest.logintest(TC002_LoginTest.java:55)
at java.base/java.util.ArrayList.forEach(ArrayList.java:1597)
... Removed 27 stack frames]]>
    </failure>
  </testcase> <!-- logintest -->
</testsuite> <!-- linux-chrome -->
